<?xml version="1.0" encoding="UTF-8"?>
<!-- Generated by org.testng.reporters.JUnitReportReporter -->
<testsuite skipped="0" hostname="Jasdeeps-MacBook-Pro.local" name="Selenium_Project.Google_search.AppTest" tests="1" failures="0" timestamp="21 Mar 2017 09:36:43 GMT" time="3.076" errors="0">
  <testcase name="test1" time="3.076" classname="Selenium_Project.Google_search.AppTest"/>
</testsuite> <!-- Selenium_Project.Google_search.AppTest -->
