<?xml version="1.0" encoding="UTF-8"?>
<!-- Generated by org.testng.reporters.JUnitReportReporter -->
<testsuite skipped="0" hostname="Jasdeeps-MacBook-Pro.local" name="Selenium_Project.Google_search.AppTest" tests="1" failures="0" timestamp="22 Mar 2017 19:05:37 GMT" time="4.315" errors="0">
  <testcase name="test2" time="4.315" classname="Selenium_Project.Google_search.AppTest"/>
</testsuite> <!-- Selenium_Project.Google_search.AppTest -->
